<?xml version="1.0" encoding="UTF-8"?><testrun name="LoginTests (1)" project="MifosTestAutomation" tests="10" started="10" failures="0" errors="1" ignored="10">
  <testsuite name="com.mifos.tests.LoginTests">
    <testsuite name="Feature: Client">
      <testsuite name="Scenario: As User creates the loan, disburse and verifies the tabs and again undo disburse" incomplete="true">
        <error>org.openqa.selenium.WebDriverException: unknown error: cannot get automation extension
from timeout: Timed out receiving message from renderer: -2.740
  (Session info: chrome=44.0.2403.130)
  (Driver info: chromedriver=2.14.313457 (3d645c400edf2e2c500566c9aa096063e707c9cf),platform=Windows NT 6.3 x86_64) (WARNING: The server did not provide any stacktrace information)
Command duration or timeout: 12.80 seconds
Build info: version: '2.29.1', revision: 'dfb1306b85be4934d23c123122e06e602a15e446', time: '2013-01-22 12:58:05'
System info: os.name: 'Windows 8.1', os.arch: 'amd64', os.version: '6.3', java.version: '1.7.0_60'
Session ID: 095f641dcc970e1390d9c60d2d4ccb8b
Driver info: org.openqa.selenium.chrome.ChromeDriver
Capabilities [{platform=XP, acceptSslCerts=true, javascriptEnabled=true, browserName=chrome, chrome={userDataDir=C:\Users\30\AppData\Local\Temp\scoped_dir18628_26750}, rotatable=false, locationContextEnabled=true, mobileEmulationEnabled=false, version=44.0.2403.130, takesHeapSnapshot=true, cssSelectorsEnabled=true, databaseEnabled=false, handlesAlerts=true, browserConnectionEnabled=false, webStorageEnabled=true, nativeEvents=true, applicationCacheEnabled=false, takesScreenshot=true}]&#13;
	at sun.reflect.NativeConstructorAccessorImpl.newInstance0(Native Method)&#13;
	at sun.reflect.NativeConstructorAccessorImpl.newInstance(Unknown Source)&#13;
	at sun.reflect.DelegatingConstructorAccessorImpl.newInstance(Unknown Source)&#13;
	at java.lang.reflect.Constructor.newInstance(Unknown Source)&#13;
	at org.openqa.selenium.remote.ErrorHandler.createThrowable(ErrorHandler.java:187)&#13;
	at org.openqa.selenium.remote.ErrorHandler.throwIfResponseFailed(ErrorHandler.java:145)&#13;
	at org.openqa.selenium.remote.RemoteWebDriver.execute(RemoteWebDriver.java:554)&#13;
	at org.openqa.selenium.remote.RemoteWebDriver$RemoteWebDriverOptions$RemoteWindow.maximize(RemoteWebDriver.java:783)&#13;
	at org.openqa.selenium.support.events.EventFiringWebDriver$EventFiringWindow.maximize(EventFiringWebDriver.java:625)&#13;
	at com.mifos.steps.BaseSteps.startTests(BaseSteps.java:83)&#13;
	at sun.reflect.NativeMethodAccessorImpl.invoke0(Native Method)&#13;
	at sun.reflect.NativeMethodAccessorImpl.invoke(Unknown Source)&#13;
	at sun.reflect.DelegatingMethodAccessorImpl.invoke(Unknown Source)&#13;
	at java.lang.reflect.Method.invoke(Unknown Source)&#13;
	at cucumber.runtime.Utils$1.call(Utils.java:44)&#13;
	at cucumber.runtime.Timeout.timeout(Timeout.java:12)&#13;
	at cucumber.runtime.Utils.invoke(Utils.java:40)&#13;
	at cucumber.runtime.java.JavaHookDefinition.execute(JavaHookDefinition.java:59)&#13;
	at cucumber.runtime.Runtime.runHookIfTagsMatch(Runtime.java:194)&#13;
	at cucumber.runtime.Runtime.runHooks(Runtime.java:185)&#13;
	at cucumber.runtime.Runtime.runBeforeHooks(Runtime.java:175)&#13;
	at cucumber.runtime.model.CucumberScenario.run(CucumberScenario.java:32)&#13;
	at cucumber.runtime.junit.ExecutionUnitRunner.run(ExecutionUnitRunner.java:83)&#13;
	at cucumber.runtime.junit.FeatureRunner.runChild(FeatureRunner.java:63)&#13;
	at cucumber.runtime.junit.FeatureRunner.runChild(FeatureRunner.java:18)&#13;
	at org.junit.runners.ParentRunner$3.run(ParentRunner.java:238)&#13;
	at org.junit.runners.ParentRunner$1.schedule(ParentRunner.java:63)&#13;
	at org.junit.runners.ParentRunner.runChildren(ParentRunner.java:236)&#13;
	at org.junit.runners.ParentRunner.access$000(ParentRunner.java:53)&#13;
	at org.junit.runners.ParentRunner$2.evaluate(ParentRunner.java:229)&#13;
	at org.junit.runners.ParentRunner.run(ParentRunner.java:309)&#13;
	at cucumber.runtime.junit.FeatureRunner.run(FeatureRunner.java:70)&#13;
	at cucumber.api.junit.Cucumber.runChild(Cucumber.java:77)&#13;
	at cucumber.api.junit.Cucumber.runChild(Cucumber.java:37)&#13;
	at org.junit.runners.ParentRunner$3.run(ParentRunner.java:238)&#13;
	at org.junit.runners.ParentRunner$1.schedule(ParentRunner.java:63)&#13;
	at org.junit.runners.ParentRunner.runChildren(ParentRunner.java:236)&#13;
	at org.junit.runners.ParentRunner.access$000(ParentRunner.java:53)&#13;
	at org.junit.runners.ParentRunner$2.evaluate(ParentRunner.java:229)&#13;
	at org.junit.runners.ParentRunner.run(ParentRunner.java:309)&#13;
	at cucumber.api.junit.Cucumber.run(Cucumber.java:82)&#13;
	at org.eclipse.jdt.internal.junit4.runner.JUnit4TestReference.run(JUnit4TestReference.java:50)&#13;
	at org.eclipse.jdt.internal.junit.runner.TestExecution.run(TestExecution.java:38)&#13;
	at org.eclipse.jdt.internal.junit.runner.RemoteTestRunner.runTests(RemoteTestRunner.java:459)&#13;
	at org.eclipse.jdt.internal.junit.runner.RemoteTestRunner.runTests(RemoteTestRunner.java:675)&#13;
	at org.eclipse.jdt.internal.junit.runner.RemoteTestRunner.run(RemoteTestRunner.java:382)&#13;
	at org.eclipse.jdt.internal.junit.runner.RemoteTestRunner.main(RemoteTestRunner.java:192)&#13;
&#13;
</error>
        <testcase name="Given I navigate to mifos" classname="Scenario: As User creates the loan, disburse and verifies the tabs and again undo disburse" incomplete="true"/>
        <testcase name="And I login into mifos site using &quot;Login&quot; excel sheet" classname="Scenario: As User creates the loan, disburse and verifies the tabs and again undo disburse" incomplete="true"/>
        <testcase name="Then I should see logged in successfully" classname="Scenario: As User creates the loan, disburse and verifies the tabs and again undo disburse" incomplete="true"/>
        <testcase name="Given I setup the clients" classname="Scenario: As User creates the loan, disburse and verifies the tabs and again undo disburse" time="0.0" ignored="true"/>
        <testcase name="When I entered the values into client from &quot;Input&quot; sheet" classname="Scenario: As User creates the loan, disburse and verifies the tabs and again undo disburse" time="0.0" ignored="true"/>
        <testcase name="Then I should see client created successfully from &quot;Output&quot; sheet" classname="Scenario: As User creates the loan, disburse and verifies the tabs and again undo disburse" time="0.0" ignored="true"/>
        <testcase name="When I set up the new create loan from &quot;NewLoanInput&quot; sheet" classname="Scenario: As User creates the loan, disburse and verifies the tabs and again undo disburse" time="0.0" ignored="true"/>
        <testcase name="Then I verified the &quot;Summary&quot; details successfully" classname="Scenario: As User creates the loan, disburse and verifies the tabs and again undo disburse" time="0.0" ignored="true"/>
        <testcase name="And I verified the &quot;Repayment Schedule&quot; details successfully" classname="Scenario: As User creates the loan, disburse and verifies the tabs and again undo disburse" time="0.0" ignored="true"/>
        <testcase name="When I make repayment and verified the following tabs" classname="Scenario: As User creates the loan, disburse and verifies the tabs and again undo disburse" time="2.474" ignored="true"/>
      </testsuite>
    </testsuite>
  </testsuite>
  <testsuite name="Unrooted Tests" time="0.0">
    <testcase name="@Ignore: Given I navigate to mifos" classname="Scenario: As User creates the loan, disburse and verifies the tabs and again undo disburse" time="0.0" ignored="true"/>
    <testcase name="@Ignore: And I login into mifos site using &quot;Login&quot; excel sheet" classname="Scenario: As User creates the loan, disburse and verifies the tabs and again undo disburse" time="0.0" ignored="true"/>
    <testcase name="@Ignore: Then I should see logged in successfully" classname="Scenario: As User creates the loan, disburse and verifies the tabs and again undo disburse" time="0.0" ignored="true"/>
  </testsuite>
</testrun>
